<?xml version="1.0" encoding="UTF-8"?>
<testsuite name="TestSuite" time="45.57" tests="31" errors="0" skipped="27" failures="2">
  <properties>
    <property name="java.runtime.name" value="Java(TM) SE Runtime Environment"/>
    <property name="sun.boot.library.path" value="C:\Program Files\Java\jdk1.8.0_131\jre\bin"/>
    <property name="java.vm.version" value="25.131-b11"/>
    <property name="java.vm.vendor" value="Oracle Corporation"/>
    <property name="maven.multiModuleProjectDirectory" value="H:\FrameWorkPractice\Hybrid"/>
    <property name="java.vendor.url" value="http://java.oracle.com/"/>
    <property name="path.separator" value=";"/>
    <property name="guice.disable.misplaced.annotation.check" value="true"/>
    <property name="java.vm.name" value="Java HotSpot(TM) 64-Bit Server VM"/>
    <property name="file.encoding.pkg" value="sun.io"/>
    <property name="user.script" value=""/>
    <property name="user.country" value="IN"/>
    <property name="sun.java.launcher" value="SUN_STANDARD"/>
    <property name="sun.os.patch.level" value="Service Pack 1"/>
    <property name="java.vm.specification.name" value="Java Virtual Machine Specification"/>
    <property name="user.dir" value="H:\FrameWorkPractice\Hybrid"/>
    <property name="java.runtime.version" value="1.8.0_131-b11"/>
    <property name="java.awt.graphicsenv" value="sun.awt.Win32GraphicsEnvironment"/>
    <property name="java.endorsed.dirs" value="C:\Program Files\Java\jdk1.8.0_131\jre\lib\endorsed"/>
    <property name="os.arch" value="amd64"/>
    <property name="java.io.tmpdir" value="C:\Windows\TEMP\"/>
    <property name="line.separator" value="&#10;"/>
    <property name="java.vm.specification.vendor" value="Oracle Corporation"/>
    <property name="user.variant" value=""/>
    <property name="os.name" value="Windows 7"/>
    <property name="classworlds.conf" value="C:\Program Files (x86)\Jenkins\tools\hudson.tasks.Maven_MavenInstallation\M2_HOME\bin\m2.conf"/>
    <property name="sun.jnu.encoding" value="Cp1252"/>
    <property name="java.library.path" value="C:\Program Files\Java\jdk1.8.0_131\bin;C:\Windows\Sun\Java\bin;C:\Windows\system32;C:\Windows;C:\Program Files (x86)\Jenkins\tools\hudson.tasks.Maven_MavenInstallation\M2_HOME/bin;C:\Program Files\Java\jdk1.8.0_131/bin;C:\Program Files\Java\jdk1.8.0_131/bin;C:\Program Files (x86)\NVIDIA Corporation\PhysX\Common;C:\ProgramData\Oracle\Java\javapath;C:\Program Files (x86)\PC Connectivity Solution\;C:\Program Files\Common Files\Microsoft Shared\Windows Live;C:\Program Files (x86)\Common Files\Microsoft Shared\Windows Live;C:\Windows\system32;C:\Windows;C:\Windows\System32\Wbem;C:\Windows\System32\WindowsPowerShell\v1.0\;C:\Program Files (x86)\Sony\VAIO Startup Setting Tool;;C:\Program Files (x86)\Windows Live\Shared;C:\Program Files (x86)\Java\jdk1.7.0\bin;C:\Program Files (x86)\Microsoft SQL Server\100\Tools\Binn\VSShell\Common7\IDE\;C:\Program Files (x86)\Microsoft SQL Server\100\Tools\Binn\;C:\Program Files\Microsoft SQL Server\100\Tools\Binn\;C:\Program Files (x86)\Microsoft SQL Server\100\DTS\Binn\;C:\Program Files\Microsoft SQL Server\100\DTS\Binn\;G:\Selenium_Jar\apache-maven-3.5.0-bin\apache-maven-3.5.0\bin;C:\Users\vaio\Desktop\apache-ant-1.10.1\bin;C:\Program Files\MySQL\MySQL Utilities 1.6\;;."/>
    <property name="java.specification.name" value="Java Platform API Specification"/>
    <property name="java.class.version" value="52.0"/>
    <property name="sun.management.compiler" value="HotSpot 64-Bit Tiered Compilers"/>
    <property name="os.version" value="6.1"/>
    <property name="user.home" value="C:\Windows\system32\config\systemprofile"/>
    <property name="user.timezone" value="Asia/Calcutta"/>
    <property name="java.awt.printerjob" value="sun.awt.windows.WPrinterJob"/>
    <property name="java.specification.version" value="1.8"/>
    <property name="file.encoding" value="Cp1252"/>
    <property name="user.name" value="VAIO-VAIO$"/>
    <property name="java.class.path" value="C:\Program Files (x86)\Jenkins\tools\hudson.tasks.Maven_MavenInstallation\M2_HOME\boot\plexus-classworlds-2.5.2.jar"/>
    <property name="java.vm.specification.version" value="1.8"/>
    <property name="sun.arch.data.model" value="64"/>
    <property name="java.home" value="C:\Program Files\Java\jdk1.8.0_131\jre"/>
    <property name="sun.java.command" value="org.codehaus.plexus.classworlds.launcher.Launcher -f pom.xml test"/>
    <property name="java.specification.vendor" value="Oracle Corporation"/>
    <property name="user.language" value="en"/>
    <property name="awt.toolkit" value="sun.awt.windows.WToolkit"/>
    <property name="java.vm.info" value="mixed mode"/>
    <property name="java.version" value="1.8.0_131"/>
    <property name="java.ext.dirs" value="C:\Program Files\Java\jdk1.8.0_131\jre\lib\ext;C:\Windows\Sun\Java\lib\ext"/>
    <property name="sun.boot.class.path" value="C:\Program Files\Java\jdk1.8.0_131\jre\lib\resources.jar;C:\Program Files\Java\jdk1.8.0_131\jre\lib\rt.jar;C:\Program Files\Java\jdk1.8.0_131\jre\lib\sunrsasign.jar;C:\Program Files\Java\jdk1.8.0_131\jre\lib\jsse.jar;C:\Program Files\Java\jdk1.8.0_131\jre\lib\jce.jar;C:\Program Files\Java\jdk1.8.0_131\jre\lib\charsets.jar;C:\Program Files\Java\jdk1.8.0_131\jre\lib\jfr.jar;C:\Program Files\Java\jdk1.8.0_131\jre\classes"/>
    <property name="java.vendor" value="Oracle Corporation"/>
    <property name="maven.home" value="C:\Program Files (x86)\Jenkins\tools\hudson.tasks.Maven_MavenInstallation\M2_HOME"/>
    <property name="file.separator" value="\"/>
    <property name="java.vendor.url.bug" value="http://bugreport.sun.com/bugreport/"/>
    <property name="sun.cpu.endian" value="little"/>
    <property name="sun.io.unicode.encoding" value="UnicodeLittle"/>
    <property name="sun.desktop" value="windows"/>
    <property name="sun.cpu.isalist" value="amd64"/>
  </properties>
  <testcase name="loginApp" classname="hcl.Hybrid.LoginPage.LoginTest" time="45.126"/>
  <testcase name="testLogin" classname="hcl.Hybrid.LoginPage.TestDataDriverScript" time="0"/>
  <testcase name="afterMethod" classname="hcl.Hybrid.LoginPage.TestDataDriverScript" time="0.444">
    <failure type="java.lang.NullPointerException:">java.lang.NullPointerException: null
	at hcl.Hybrid.Base.TestBase.getScreenShot(TestBase.java:186)
	at hcl.Hybrid.Base.TestBase.getresult(TestBase.java:198)
	at hcl.Hybrid.Base.TestBase.afterMethod(TestBase.java:213)
	at sun.reflect.NativeMethodAccessorImpl.invoke0(Native Method)
	at sun.reflect.NativeMethodAccessorImpl.invoke(NativeMethodAccessorImpl.java:62)
	at sun.reflect.DelegatingMethodAccessorImpl.invoke(DelegatingMethodAccessorImpl.java:43)
	at java.lang.reflect.Method.invoke(Method.java:498)
	at org.testng.internal.MethodInvocationHelper.invokeMethod(MethodInvocationHelper.java:80)
	at org.testng.internal.Invoker.invokeConfigurationMethod(Invoker.java:525)
	at org.testng.internal.Invoker.invokeConfigurations(Invoker.java:202)
	at org.testng.internal.Invoker.invokeMethod(Invoker.java:753)
	at org.testng.internal.Invoker.invokeTestMethod(Invoker.java:842)
	at org.testng.internal.Invoker.invokeTestMethods(Invoker.java:1166)
	at org.testng.internal.TestMethodWorker.invokeTestMethods(TestMethodWorker.java:125)
	at org.testng.internal.TestMethodWorker.run(TestMethodWorker.java:109)
	at org.testng.TestRunner.runWorkers(TestRunner.java:1178)
	at org.testng.TestRunner.privateRun(TestRunner.java:757)
	at org.testng.TestRunner.run(TestRunner.java:608)
	at org.testng.SuiteRunner.runTest(SuiteRunner.java:334)
	at org.testng.SuiteRunner.runSequentially(SuiteRunner.java:329)
	at org.testng.SuiteRunner.privateRun(SuiteRunner.java:291)
	at org.testng.SuiteRunner.run(SuiteRunner.java:240)
	at org.testng.SuiteRunnerWorker.runSuite(SuiteRunnerWorker.java:52)
	at org.testng.SuiteRunnerWorker.run(SuiteRunnerWorker.java:86)
	at org.testng.TestNG.runSuitesSequentially(TestNG.java:1158)
	at org.testng.TestNG.runSuitesLocally(TestNG.java:1083)
	at org.testng.TestNG.run(TestNG.java:999)
	at org.apache.maven.surefire.testng.TestNGExecutor.run(TestNGExecutor.java:115)
	at org.apache.maven.surefire.testng.TestNGDirectoryTestSuite.executeMulti(TestNGDirectoryTestSuite.java:204)
	at org.apache.maven.surefire.testng.TestNGDirectoryTestSuite.execute(TestNGDirectoryTestSuite.java:107)
	at org.apache.maven.surefire.testng.TestNGProvider.invoke(TestNGProvider.java:112)
	at org.apache.maven.surefire.booter.ForkedBooter.invokeProviderInSameClassLoader(ForkedBooter.java:200)
	at org.apache.maven.surefire.booter.ForkedBooter.runSuitesInProcess(ForkedBooter.java:153)
	at org.apache.maven.surefire.booter.ForkedBooter.main(ForkedBooter.java:103)
</failure>
  </testcase>
  <testcase name="beforeMethod" classname="hcl.Hybrid.LoginPage.TestDataDriverScript" time="0">
    <skipped/>
  </testcase>
  <testcase name="testLogin" classname="hcl.Hybrid.LoginPage.TestDataDriverScript" time="0">
    <skipped/>
  </testcase>
  <testcase name="afterMethod" classname="hcl.Hybrid.LoginPage.TestDataDriverScript" time="0">
    <skipped/>
  </testcase>
  <testcase name="beforeMethod" classname="hcl.Hybrid.LoginPage.TestDataDriverScript" time="0">
    <skipped/>
  </testcase>
  <testcase name="testLogin" classname="hcl.Hybrid.LoginPage.TestDataDriverScript" time="0">
    <skipped/>
  </testcase>
  <testcase name="afterMethod" classname="hcl.Hybrid.LoginPage.TestDataDriverScript" time="0">
    <skipped/>
  </testcase>
  <testcase name="beforeMethod" classname="hcl.Hybrid.LoginPage.TestDataDriverScript" time="0">
    <skipped/>
  </testcase>
  <testcase name="testLogin" classname="hcl.Hybrid.LoginPage.TestDataDriverScript" time="0">
    <skipped/>
  </testcase>
  <testcase name="afterMethod" classname="hcl.Hybrid.LoginPage.TestDataDriverScript" time="0">
    <skipped/>
  </testcase>
  <testcase name="beforeMethod" classname="hcl.Hybrid.LoginPage.TestDataDriverScript" time="0">
    <skipped/>
  </testcase>
  <testcase name="testLogin" classname="hcl.Hybrid.LoginPage.TestDataDriverScript" time="0">
    <skipped/>
  </testcase>
  <testcase name="afterMethod" classname="hcl.Hybrid.LoginPage.TestDataDriverScript" time="0">
    <skipped/>
  </testcase>
  <testcase name="beforeMethod" classname="hcl.Hybrid.LoginPage.TestDataDriverScript" time="0">
    <skipped/>
  </testcase>
  <testcase name="testLogin" classname="hcl.Hybrid.LoginPage.TestDataDriverScript" time="0">
    <skipped/>
  </testcase>
  <testcase name="afterMethod" classname="hcl.Hybrid.LoginPage.TestDataDriverScript" time="0">
    <skipped/>
  </testcase>
  <testcase name="beforeMethod" classname="hcl.Hybrid.LoginPage.TestDataDriverScript" time="0">
    <skipped/>
  </testcase>
  <testcase name="testLogin" classname="hcl.Hybrid.LoginPage.TestDataDriverScript" time="0">
    <skipped/>
  </testcase>
  <testcase name="afterMethod" classname="hcl.Hybrid.LoginPage.TestDataDriverScript" time="0">
    <skipped/>
  </testcase>
  <testcase name="beforeMethod" classname="hcl.Hybrid.LoginPage.TestDataDriverScript" time="0">
    <skipped/>
    <system-out><![CDATA[excellocation  H:\FrameWorkPractice\Hybrid
2018-01-14 17:46:07 INFO  Excel_reader:19 - Creating excel object:-H:\FrameWorkPractice\Hybrid/src/main/java/hcl/Hybrid/Data/TestData.xlsx
0,0,A
0,1,B
0,2,C
0,3,D
0,4,E
0,5,F

1,0,A1
1,1,B1
1,2,C1
1,3,D1
1,4,E1
1,5,F1

2,0,A2
2,1,B2
2,2,C2
2,3,D2
2,4,E2
2,5,F2

]]></system-out>
  </testcase>
  <testcase name="testLogin1" classname="hcl.Hybrid.LoginPage.TestDataDriverScript" time="0">
    <skipped/>
  </testcase>
  <testcase name="afterMethod" classname="hcl.Hybrid.LoginPage.TestDataDriverScript" time="0">
    <skipped/>
  </testcase>
  <testcase name="beforeMethod" classname="hcl.Hybrid.LoginPage.TestDataDriverScript" time="0">
    <skipped/>
  </testcase>
  <testcase name="testLogin1" classname="hcl.Hybrid.LoginPage.TestDataDriverScript" time="0">
    <skipped/>
  </testcase>
  <testcase name="afterMethod" classname="hcl.Hybrid.LoginPage.TestDataDriverScript" time="0">
    <skipped/>
  </testcase>
  <testcase name="beforeMethod" classname="hcl.Hybrid.LoginPage.TestDataDriverScript" time="0">
    <skipped/>
  </testcase>
  <testcase name="testLogin1" classname="hcl.Hybrid.LoginPage.TestDataDriverScript" time="0">
    <skipped/>
  </testcase>
  <testcase name="afterMethod" classname="hcl.Hybrid.LoginPage.TestDataDriverScript" time="0">
    <skipped/>
  </testcase>
  <testcase name="endTest" classname="hcl.Hybrid.LoginPage.TestDataDriverScript" time="0">
    <failure type="java.lang.NullPointerException:">java.lang.NullPointerException: null
	at hcl.Hybrid.Base.TestBase.endTest(TestBase.java:224)
	at sun.reflect.NativeMethodAccessorImpl.invoke0(Native Method)
	at sun.reflect.NativeMethodAccessorImpl.invoke(NativeMethodAccessorImpl.java:62)
	at sun.reflect.DelegatingMethodAccessorImpl.invoke(DelegatingMethodAccessorImpl.java:43)
	at java.lang.reflect.Method.invoke(Method.java:498)
	at org.testng.internal.MethodInvocationHelper.invokeMethod(MethodInvocationHelper.java:80)
	at org.testng.internal.Invoker.invokeConfigurationMethod(Invoker.java:525)
	at org.testng.internal.Invoker.invokeConfigurations(Invoker.java:202)
	at org.testng.internal.Invoker.invokeConfigurations(Invoker.java:130)
	at org.testng.internal.TestMethodWorker.invokeAfterClassMethods(TestMethodWorker.java:222)
	at org.testng.internal.TestMethodWorker.run(TestMethodWorker.java:112)
	at org.testng.TestRunner.runWorkers(TestRunner.java:1178)
	at org.testng.TestRunner.privateRun(TestRunner.java:757)
	at org.testng.TestRunner.run(TestRunner.java:608)
	at org.testng.SuiteRunner.runTest(SuiteRunner.java:334)
	at org.testng.SuiteRunner.runSequentially(SuiteRunner.java:329)
	at org.testng.SuiteRunner.privateRun(SuiteRunner.java:291)
	at org.testng.SuiteRunner.run(SuiteRunner.java:240)
	at org.testng.SuiteRunnerWorker.runSuite(SuiteRunnerWorker.java:52)
	at org.testng.SuiteRunnerWorker.run(SuiteRunnerWorker.java:86)
	at org.testng.TestNG.runSuitesSequentially(TestNG.java:1158)
	at org.testng.TestNG.runSuitesLocally(TestNG.java:1083)
	at org.testng.TestNG.run(TestNG.java:999)
	at org.apache.maven.surefire.testng.TestNGExecutor.run(TestNGExecutor.java:115)
	at org.apache.maven.surefire.testng.TestNGDirectoryTestSuite.executeMulti(TestNGDirectoryTestSuite.java:204)
	at org.apache.maven.surefire.testng.TestNGDirectoryTestSuite.execute(TestNGDirectoryTestSuite.java:107)
	at org.apache.maven.surefire.testng.TestNGProvider.invoke(TestNGProvider.java:112)
	at org.apache.maven.surefire.booter.ForkedBooter.invokeProviderInSameClassLoader(ForkedBooter.java:200)
	at org.apache.maven.surefire.booter.ForkedBooter.runSuitesInProcess(ForkedBooter.java:153)
	at org.apache.maven.surefire.booter.ForkedBooter.main(ForkedBooter.java:103)
</failure>
  </testcase>
</testsuite>